# JRE version: OpenJDK Runtime Environment (8.0_222-b10) (build 1.8.0_222-8u222-b10-1ubuntu1~18.04.1-b10)
# Java VM: OpenJDK 64-Bit Server VM (25.222-b10 mixed mode linux-amd64 compressed oops)
Heap:
 PSYoungGen      total 261120K, used 17233K [0x000000076e100000, 0x000000077f800000, 0x00000007c0000000)
  eden space 236544K, 0% used [0x000000076e100000,0x000000076e100000,0x000000077c800000)
  from space 24576K, 70% used [0x000000077c800000,0x000000077d8d46e8,0x000000077e000000)
  to   space 20992K, 0% used [0x000000077e380000,0x000000077e380000,0x000000077f800000)
 ParOldGen       total 108032K, used 57567K [0x00000006ca200000, 0x00000006d0b80000, 0x000000076e100000)
  object space 108032K, 53% used [0x00000006ca200000,0x00000006cda37dc8,0x00000006d0b80000)
 Metaspace       used 33381K, capacity 34400K, committed 34560K, reserved 1079296K
  class space    used 3758K, capacity 4082K, committed 4096K, reserved 1048576K
GC Heap History (10 events):
Event: 6.060 GC heap after
Heap after GC invocations=9 (full 1):
 PSYoungGen      total 138752K, used 0K [0x000000076e100000, 0x0000000777a00000, 0x00000007c0000000)
  eden space 122368K, 0% used [0x000000076e100000,0x000000076e100000,0x0000000775880000)
  from space 16384K, 0% used [0x0000000776900000,0x0000000776900000,0x0000000777900000)
  to   space 16896K, 0% used [0x0000000775880000,0x0000000775880000,0x0000000776900000)
 ParOldGen       total 108032K, used 22080K [0x00000006ca200000, 0x00000006d0b80000, 0x000000076e100000)
  object space 108032K, 20% used [0x00000006ca200000,0x00000006cb7901f0,0x00000006d0b80000)
 Metaspace       used 20543K, capacity 21158K, committed 21248K, reserved 1069056K
  class space    used 2365K, capacity 2552K, committed 2560K, reserved 1048576K
}
Event: 8.183 GC heap before
{Heap before GC invocations=10 (full 1):
 PSYoungGen      total 138752K, used 122368K [0x000000076e100000, 0x0000000777a00000, 0x00000007c0000000)
  eden space 122368K, 100% used [0x000000076e100000,0x0000000775880000,0x0000000775880000)
  from space 16384K, 0% used [0x0000000776900000,0x0000000776900000,0x0000000777900000)
  to   space 16896K, 0% used [0x0000000775880000,0x0000000775880000,0x0000000776900000)
 ParOldGen       total 108032K, used 22080K [0x00000006ca200000, 0x00000006d0b80000, 0x000000076e100000)
  object space 108032K, 20% used [0x00000006ca200000,0x00000006cb7901f0,0x00000006d0b80000)
 Metaspace       used 23078K, capacity 23718K, committed 23936K, reserved 1071104K
  class space    used 2702K, capacity 2872K, committed 2944K, reserved 1048576K
Event: 8.198 GC heap after
Heap after GC invocations=10 (full 1):
 PSYoungGen      total 139264K, used 9501K [0x000000076e100000, 0x000000077ab00000, 0x00000007c0000000)
  eden space 122368K, 0% used [0x000000076e100000,0x000000076e100000,0x0000000775880000)
  from space 16896K, 56% used [0x0000000775880000,0x00000007761c77e0,0x0000000776900000)
  to   space 16384K, 0% used [0x0000000779b00000,0x0000000779b00000,0x000000077ab00000)
 ParOldGen       total 108032K, used 22088K [0x00000006ca200000, 0x00000006d0b80000, 0x000000076e100000)
  object space 108032K, 20% used [0x00000006ca200000,0x00000006cb7921f0,0x00000006d0b80000)
 Metaspace       used 23078K, capacity 23718K, committed 23936K, reserved 1071104K
  class space    used 2702K, capacity 2872K, committed 2944K, reserved 1048576K
}
Event: 8.233 GC heap before
{Heap before GC invocations=11 (full 1):
 PSYoungGen      total 139264K, used 131869K [0x000000076e100000, 0x000000077ab00000, 0x00000007c0000000)
  eden space 122368K, 100% used [0x000000076e100000,0x0000000775880000,0x0000000775880000)
  from space 16896K, 56% used [0x0000000775880000,0x00000007761c77e0,0x0000000776900000)
  to   space 16384K, 0% used [0x0000000779b00000,0x0000000779b00000,0x000000077ab00000)
 ParOldGen       total 108032K, used 22088K [0x00000006ca200000, 0x00000006d0b80000, 0x000000076e100000)
  object space 108032K, 20% used [0x00000006ca200000,0x00000006cb7921f0,0x00000006d0b80000)
 Metaspace       used 23079K, capacity 23718K, committed 23936K, reserved 1071104K
  class space    used 2702K, capacity 2872K, committed 2944K, reserved 1048576K
Event: 8.234 GC heap after
Heap after GC invocations=11 (full 1):
 PSYoungGen      total 188928K, used 1757K [0x000000076e100000, 0x000000077ab80000, 0x00000007c0000000)
  eden space 172544K, 0% used [0x000000076e100000,0x000000076e100000,0x0000000778980000)
  from space 16384K, 10% used [0x0000000779b00000,0x0000000779cb74b8,0x000000077ab00000)
  to   space 17408K, 0% used [0x0000000778980000,0x0000000778980000,0x0000000779a80000)
 ParOldGen       total 108032K, used 22096K [0x00000006ca200000, 0x00000006d0b80000, 0x000000076e100000)
  object space 108032K, 20% used [0x00000006ca200000,0x00000006cb7941f0,0x00000006d0b80000)
 Metaspace       used 23079K, capacity 23718K, committed 23936K, reserved 1071104K
  class space    used 2702K, capacity 2872K, committed 2944K, reserved 1048576K
}
Event: 9.465 GC heap before
{Heap before GC invocations=12 (full 1):
 PSYoungGen      total 188928K, used 174301K [0x000000076e100000, 0x000000077ab80000, 0x00000007c0000000)
  eden space 172544K, 100% used [0x000000076e100000,0x0000000778980000,0x0000000778980000)
  from space 16384K, 10% used [0x0000000779b00000,0x0000000779cb74b8,0x000000077ab00000)
  to   space 17408K, 0% used [0x0000000778980000,0x0000000778980000,0x0000000779a80000)
 ParOldGen       total 108032K, used 22096K [0x00000006ca200000, 0x00000006d0b80000, 0x000000076e100000)
  object space 108032K, 20% used [0x00000006ca200000,0x00000006cb7941f0,0x00000006d0b80000)
 Metaspace       used 28074K, capacity 28798K, committed 29056K, reserved 1075200K
  class space    used 3217K, capacity 3439K, committed 3456K, reserved 1048576K
Event: 9.502 GC heap after
Heap after GC invocations=12 (full 1):
 PSYoungGen      total 189952K, used 17400K [0x000000076e100000, 0x000000077fb80000, 0x00000007c0000000)
  eden space 172544K, 0% used [0x000000076e100000,0x000000076e100000,0x0000000778980000)
  from space 17408K, 99% used [0x0000000778980000,0x0000000779a7e398,0x0000000779a80000)
  to   space 24576K, 0% used [0x000000077e380000,0x000000077e380000,0x000000077fb80000)
 ParOldGen       total 108032K, used 35907K [0x00000006ca200000, 0x00000006d0b80000, 0x000000076e100000)
  object space 108032K, 33% used [0x00000006ca200000,0x00000006cc510fe0,0x00000006d0b80000)
 Metaspace       used 28074K, capacity 28798K, committed 29056K, reserved 1075200K
  class space    used 3217K, capacity 3439K, committed 3456K, reserved 1048576K
}
Event: 10.899 GC heap before
{Heap before GC invocations=13 (full 1):
 PSYoungGen      total 189952K, used 189944K [0x000000076e100000, 0x000000077fb80000, 0x00000007c0000000)
  eden space 172544K, 100% used [0x000000076e100000,0x0000000778980000,0x0000000778980000)
  from space 17408K, 99% used [0x0000000778980000,0x0000000779a7e398,0x0000000779a80000)
  to   space 24576K, 0% used [0x000000077e380000,0x000000077e380000,0x000000077fb80000)
 ParOldGen       total 108032K, used 35907K [0x00000006ca200000, 0x00000006d0b80000, 0x000000076e100000)
  object space 108032K, 33% used [0x00000006ca200000,0x00000006cc510fe0,0x00000006d0b80000)
 Metaspace       used 31113K, capacity 32026K, committed 32256K, reserved 1077248K
  class space    used 3537K, capacity 3811K, committed 3840K, reserved 1048576K
Event: 10.929 GC heap after
Heap after GC invocations=13 (full 1):
 PSYoungGen      total 257536K, used 15016K [0x000000076e100000, 0x000000077f800000, 0x00000007c0000000)
  eden space 236544K, 0% used [0x000000076e100000,0x000000076e100000,0x000000077c800000)
  from space 20992K, 71% used [0x000000077e380000,0x000000077f22a1f0,0x000000077f800000)
  to   space 24576K, 0% used [0x000000077c800000,0x000000077c800000,0x000000077e000000)
 ParOldGen       total 108032K, used 53108K [0x00000006ca200000, 0x00000006d0b80000, 0x000000076e100000)
  object space 108032K, 49% used [0x00000006ca200000,0x00000006cd5dd1b0,0x00000006d0b80000)
 Metaspace       used 31113K, capacity 32026K, committed 32256K, reserved 1077248K
  class space    used 3537K, capacity 3811K, committed 3840K, reserved 1048576K
}
Event: 12.354 GC heap before
{Heap before GC invocations=14 (full 1):
 PSYoungGen      total 257536K, used 251560K [0x000000076e100000, 0x000000077f800000, 0x00000007c0000000)
  eden space 236544K, 100% used [0x000000076e100000,0x000000077c800000,0x000000077c800000)
  from space 20992K, 71% used [0x000000077e380000,0x000000077f22a1f0,0x000000077f800000)
  to   space 24576K, 0% used [0x000000077c800000,0x000000077c800000,0x000000077e000000)
 ParOldGen       total 108032K, used 53108K [0x00000006ca200000, 0x00000006d0b80000, 0x000000076e100000)
  object space 108032K, 49% used [0x00000006ca200000,0x00000006cd5dd1b0,0x00000006d0b80000)
 Metaspace       used 33381K, capacity 34400K, committed 34560K, reserved 1079296K
  class space    used 3758K, capacity 4082K, committed 4096K, reserved 1048576K

